2020-11-25 16:59:39.176  INFO 1156 --- [Test worker] b.h.e.a.persistence.TestDatabase         : Starting TestDatabase on ANDREAS with PID 1156 (started by Admin in C:\Users\Admin\github\EPM---Groupe-2(new)\EPM---Groupe-2\ProjectEPM\Adaptateurs\EPM-Persistence)
2020-11-25 16:59:39.183  INFO 1156 --- [Test worker] b.h.e.a.persistence.TestDatabase         : No active profile set, falling back to default profiles: default
2020-11-25 16:59:39.700  INFO 1156 --- [Test worker] .s.d.r.c.RepositoryConfigurationDelegate : Multiple Spring Data modules found, entering strict repository configuration mode!
2020-11-25 16:59:39.719  INFO 1156 --- [Test worker] .s.d.r.c.RepositoryConfigurationDelegate : Bootstrapping Spring Data JDBC repositories in DEFAULT mode.
2020-11-25 16:59:39.743  INFO 1156 --- [Test worker] .s.d.r.c.RepositoryConfigurationDelegate : Finished Spring Data repository scanning in 18ms. Found 0 JDBC repository interfaces.
2020-11-25 16:59:39.764  INFO 1156 --- [Test worker] .s.d.r.c.RepositoryConfigurationDelegate : Multiple Spring Data modules found, entering strict repository configuration mode!
2020-11-25 16:59:39.765  INFO 1156 --- [Test worker] .s.d.r.c.RepositoryConfigurationDelegate : Bootstrapping Spring Data JPA repositories in DEFERRED mode.
2020-11-25 16:59:39.776  INFO 1156 --- [Test worker] .s.d.r.c.RepositoryConfigurationDelegate : Finished Spring Data repository scanning in 5ms. Found 0 JPA repository interfaces.
2020-11-25 16:59:40.355  INFO 1156 --- [Test worker] o.s.s.concurrent.ThreadPoolTaskExecutor  : Initializing ExecutorService 'applicationTaskExecutor'
2020-11-25 16:59:40.372  INFO 1156 --- [Test worker] com.zaxxer.hikari.HikariDataSource       : HikariPool-1 - Starting...
2020-11-25 16:59:40.447  INFO 1156 --- [Test worker] com.zaxxer.hikari.HikariDataSource       : HikariPool-1 - Start completed.
2020-11-25 16:59:40.558  INFO 1156 --- [task-1] o.hibernate.jpa.internal.util.LogHelper  : HHH000204: Processing PersistenceUnitInfo [name: default]
2020-11-25 16:59:40.635  INFO 1156 --- [task-1] org.hibernate.Version                    : HHH000412: Hibernate ORM core version 5.4.21.Final
2020-11-25 16:59:40.885  INFO 1156 --- [Test worker] DeferredRepositoryInitializationListener : Triggering deferred initialization of Spring Data repositories…
2020-11-25 16:59:40.886  INFO 1156 --- [Test worker] DeferredRepositoryInitializationListener : Spring Data repositories initialized!
2020-11-25 16:59:40.899  INFO 1156 --- [Test worker] b.h.e.a.persistence.TestDatabase         : Started TestDatabase in 2.23 seconds (JVM running for 4.721)
2020-11-25 16:59:40.924  INFO 1156 --- [task-1] o.hibernate.annotations.common.Version   : HCANN000001: Hibernate Commons Annotations {5.1.0.Final}
2020-11-25 16:59:41.175  INFO 1156 --- [task-1] org.hibernate.dialect.Dialect            : HHH000400: Using dialect: org.hibernate.dialect.H2Dialect
2020-11-25 16:59:41.505  INFO 1156 --- [SpringContextShutdownHook] j.LocalContainerEntityManagerFactoryBean : Closing JPA EntityManagerFactory for persistence unit 'default'
2020-11-25 16:59:41.568  INFO 1156 --- [task-1] o.h.e.t.j.p.i.JtaPlatformInitiator       : HHH000490: Using JtaPlatform implementation: [org.hibernate.engine.transaction.jta.platform.internal.NoJtaPlatform]
2020-11-25 16:59:41.580  INFO 1156 --- [task-1] j.LocalContainerEntityManagerFactoryBean : Initialized JPA EntityManagerFactory for persistence unit 'default'
2020-11-25 16:59:41.581  INFO 1156 --- [SpringContextShutdownHook] .SchemaDropperImpl$DelayedDropActionImpl : HHH000477: Starting delayed evictData of schema as part of SessionFactory shut-down'
2020-11-25 16:59:41.583  INFO 1156 --- [SpringContextShutdownHook] o.s.s.concurrent.ThreadPoolTaskExecutor  : Shutting down ExecutorService 'applicationTaskExecutor'
2020-11-25 16:59:41.584  INFO 1156 --- [SpringContextShutdownHook] com.zaxxer.hikari.HikariDataSource       : HikariPool-1 - Shutdown initiated...
2020-11-25 16:59:41.598  INFO 1156 --- [SpringContextShutdownHook] com.zaxxer.hikari.HikariDataSource       : HikariPool-1 - Shutdown completed.
